Chat/app/build/intermediates/manifest_merge_blame_file/debug/manifest-merger-blame-debug-report.txt
1<?xml version="1.0" encoding="utf-8"?>
2<manifest xmlns:android="http://schemas.android.com/apk/res/android"
3    package="com.example.chat"
4    android:versionCode="1"
5    android:versionName="1.0" >
6
7    <uses-sdk
8        android:minSdkVersion="17"
8-->src\main\AndroidManifest.xml
9        android:targetSdkVersion="30" />
9-->src\main\AndroidManifest.xml
10
11    <uses-permission android:name="android.permission.INTERNET" />
11-->src\main\AndroidManifest.xml:4:5-66
11-->src\main\AndroidManifest.xml:4:22-64
12    <uses-permission android:name="android.permission.ACCESS_NETWORK_STATE" />
12-->[com.firebaseui:firebase-ui-auth:6.4.0] AndroidManifest.xml:12:5-79
12-->[com.firebaseui:firebase-ui-auth:6.4.0] AndroidManifest.xml:12:22-76
13
14    <application
14-->src\main\AndroidManifest.xml:6:5-20:19
15        android:allowBackup="true"
15-->src\main\AndroidManifest.xml:7:9-35
16        android:appComponentFactory="androidx.core.app.CoreComponentFactory"
16-->[androidx.core:core:1.3.1] AndroidManifest.xml:24:18-86
17        android:debuggable="true"
18        android:icon="@mipmap/ic_launcher"
18-->src\main\AndroidManifest.xml:8:9-43
19        android:label="@string/app_name"
19-->src\main\AndroidManifest.xml:9:9-41
20        android:roundIcon="@mipmap/ic_launcher_round"
20-->src\main\AndroidManifest.xml:10:9-54
21        android:supportsRtl="true"
21-->src\main\AndroidManifest.xml:11:9-35
22        android:testOnly="true"
23        android:theme="@style/Theme.Chat" >
23-->src\main\AndroidManifest.xml:12:9-42
24        <activity android:name="com.example.chat.MainActivity" >
24-->src\main\AndroidManifest.xml:13:9-19:20
24-->src\main\AndroidManifest.xml:13:19-47
25            <intent-filter>
25-->src\main\AndroidManifest.xml:14:13-18:29
26                <action android:name="android.intent.action.MAIN" />
26-->src\main\AndroidManifest.xml:15:17-69
26-->src\main\AndroidManifest.xml:15:25-66
27
28                <category android:name="android.intent.category.LAUNCHER" />
28-->src\main\AndroidManifest.xml:17:17-77
28-->src\main\AndroidManifest.xml:17:27-74
29            </intent-filter>
30        </activity>
31
32        <meta-data
32-->[com.firebaseui:firebase-ui-auth:6.4.0] AndroidManifest.xml:16:9-18:69
33            android:name="com.google.android.gms.version"
33-->[com.firebaseui:firebase-ui-auth:6.4.0] AndroidManifest.xml:17:13-58
34            android:value="@integer/google_play_services_version" />
34-->[com.firebaseui:firebase-ui-auth:6.4.0] AndroidManifest.xml:18:13-66
35        <meta-data
35-->[com.firebaseui:firebase-ui-auth:6.4.0] AndroidManifest.xml:19:9-21:63
36            android:name="com.facebook.sdk.ApplicationId"
36-->[com.firebaseui:firebase-ui-auth:6.4.0] AndroidManifest.xml:20:13-58
37            android:value="@string/facebook_application_id" />
37-->[com.firebaseui:firebase-ui-auth:6.4.0] AndroidManifest.xml:21:13-60
38
39        <activity
39-->[com.firebaseui:firebase-ui-auth:6.4.0] AndroidManifest.xml:23:9-27:61
40            android:name="com.firebase.ui.auth.KickoffActivity"
40-->[com.firebaseui:firebase-ui-auth:6.4.0] AndroidManifest.xml:24:13-64
41            android:exported="false"
41-->[com.firebaseui:firebase-ui-auth:6.4.0] AndroidManifest.xml:25:13-37
42            android:label=""
42-->[com.firebaseui:firebase-ui-auth:6.4.0] AndroidManifest.xml:26:13-29
43            android:theme="@style/FirebaseUI.Transparent" />
43-->[com.firebaseui:firebase-ui-auth:6.4.0] AndroidManifest.xml:27:13-58
44        <activity
44-->[com.firebaseui:firebase-ui-auth:6.4.0] AndroidManifest.xml:28:9-32:61
45            android:name="com.firebase.ui.auth.ui.idp.SingleSignInActivity"
45-->[com.firebaseui:firebase-ui-auth:6.4.0] AndroidManifest.xml:29:13-76
46            android:exported="false"
46-->[com.firebaseui:firebase-ui-auth:6.4.0] AndroidManifest.xml:30:13-37
47            android:label=""
47-->[com.firebaseui:firebase-ui-auth:6.4.0] AndroidManifest.xml:31:13-29
48            android:theme="@style/FirebaseUI.Transparent" />
48-->[com.firebaseui:firebase-ui-auth:6.4.0] AndroidManifest.xml:32:13-58
49        <activity
49-->[com.firebaseui:firebase-ui-auth:6.4.0] AndroidManifest.xml:33:9-37:61
50            android:name="com.firebase.ui.auth.ui.credentials.CredentialSaveActivity"
50-->[com.firebaseui:firebase-ui-auth:6.4.0] AndroidManifest.xml:34:13-86
51            android:exported="false"
51-->[com.firebaseui:firebase-ui-auth:6.4.0] AndroidManifest.xml:35:13-37
52            android:label=""
52-->[com.firebaseui:firebase-ui-auth:6.4.0] AndroidManifest.xml:36:13-29
53            android:theme="@style/FirebaseUI.Transparent" />
53-->[com.firebaseui:firebase-ui-auth:6.4.0] AndroidManifest.xml:37:13-58
54        <activity
54-->[com.firebaseui:firebase-ui-auth:6.4.0] AndroidManifest.xml:38:9-42:58
55            android:name="com.firebase.ui.auth.ui.email.RecoverPasswordActivity"
55-->[com.firebaseui:firebase-ui-auth:6.4.0] AndroidManifest.xml:39:13-81
56            android:exported="false"
56-->[com.firebaseui:firebase-ui-auth:6.4.0] AndroidManifest.xml:40:13-37
57            android:label="@string/fui_title_recover_password_activity"
57-->[com.firebaseui:firebase-ui-auth:6.4.0] AndroidManifest.xml:41:13-72
58            android:windowSoftInputMode="adjustResize" />
58-->[com.firebaseui:firebase-ui-auth:6.4.0] AndroidManifest.xml:42:13-55
59        <activity
59-->[com.firebaseui:firebase-ui-auth:6.4.0] AndroidManifest.xml:43:9-47:58
60            android:name="com.firebase.ui.auth.ui.email.EmailActivity"
60-->[com.firebaseui:firebase-ui-auth:6.4.0] AndroidManifest.xml:44:13-71
61            android:exported="false"
61-->[com.firebaseui:firebase-ui-auth:6.4.0] AndroidManifest.xml:45:13-37
62            android:label="@string/fui_sign_in_default"
62-->[com.firebaseui:firebase-ui-auth:6.4.0] AndroidManifest.xml:46:13-56
63            android:windowSoftInputMode="adjustResize" />
63-->[com.firebaseui:firebase-ui-auth:6.4.0] AndroidManifest.xml:47:13-55
64        <activity
64-->[com.firebaseui:firebase-ui-auth:6.4.0] AndroidManifest.xml:48:9-52:77
65            android:name="com.firebase.ui.auth.ui.phone.PhoneActivity"
65-->[com.firebaseui:firebase-ui-auth:6.4.0] AndroidManifest.xml:49:13-71
66            android:exported="false"
66-->[com.firebaseui:firebase-ui-auth:6.4.0] AndroidManifest.xml:50:13-37
67            android:label="@string/fui_sign_in_with_phone_number"
67-->[com.firebaseui:firebase-ui-auth:6.4.0] AndroidManifest.xml:51:13-66
68            android:windowSoftInputMode="adjustResize|stateAlwaysVisible" />
68-->[com.firebaseui:firebase-ui-auth:6.4.0] AndroidManifest.xml:52:13-74
69        <activity
69-->[com.firebaseui:firebase-ui-auth:6.4.0] AndroidManifest.xml:53:9-57:58
70            android:name="com.firebase.ui.auth.ui.idp.WelcomeBackIdpPrompt"
70-->[com.firebaseui:firebase-ui-auth:6.4.0] AndroidManifest.xml:54:13-76
71            android:exported="false"
71-->[com.firebaseui:firebase-ui-auth:6.4.0] AndroidManifest.xml:55:13-37
72            android:label="@string/fui_title_welcome_back_idp_prompt"
72-->[com.firebaseui:firebase-ui-auth:6.4.0] AndroidManifest.xml:56:13-70
73            android:windowSoftInputMode="adjustResize" />
73-->[com.firebaseui:firebase-ui-auth:6.4.0] AndroidManifest.xml:57:13-55
74        <activity
74-->[com.firebaseui:firebase-ui-auth:6.4.0] AndroidManifest.xml:58:9-62:58
75            android:name="com.firebase.ui.auth.ui.email.WelcomeBackPasswordPrompt"
75-->[com.firebaseui:firebase-ui-auth:6.4.0] AndroidManifest.xml:59:13-83
76            android:exported="false"
76-->[com.firebaseui:firebase-ui-auth:6.4.0] AndroidManifest.xml:60:13-37
77            android:label="@string/fui_title_welcome_back_password_prompt"
77-->[com.firebaseui:firebase-ui-auth:6.4.0] AndroidManifest.xml:61:13-75
78            android:windowSoftInputMode="adjustResize" />
78-->[com.firebaseui:firebase-ui-auth:6.4.0] AndroidManifest.xml:62:13-55
79        <activity
79-->[com.firebaseui:firebase-ui-auth:6.4.0] AndroidManifest.xml:63:9-67:58
80            android:name="com.firebase.ui.auth.ui.email.WelcomeBackEmailLinkPrompt"
80-->[com.firebaseui:firebase-ui-auth:6.4.0] AndroidManifest.xml:64:13-84
81            android:exported="false"
81-->[com.firebaseui:firebase-ui-auth:6.4.0] AndroidManifest.xml:65:13-37
82            android:label="@string/fui_title_welcome_back_password_prompt"
82-->[com.firebaseui:firebase-ui-auth:6.4.0] AndroidManifest.xml:66:13-75
83            android:windowSoftInputMode="adjustResize" />
83-->[com.firebaseui:firebase-ui-auth:6.4.0] AndroidManifest.xml:67:13-55
84        <activity
84-->[com.firebaseui:firebase-ui-auth:6.4.0] AndroidManifest.xml:68:9-73:58
85            android:name="com.firebase.ui.auth.ui.email.EmailLinkCatcherActivity"
85-->[com.firebaseui:firebase-ui-auth:6.4.0] AndroidManifest.xml:69:13-82
86            android:exported="false"
86-->[com.firebaseui:firebase-ui-auth:6.4.0] AndroidManifest.xml:70:13-37
87            android:label=""
87-->[com.firebaseui:firebase-ui-auth:6.4.0] AndroidManifest.xml:71:13-29
88            android:theme="@style/FirebaseUI.Transparent"
88-->[com.firebaseui:firebase-ui-auth:6.4.0] AndroidManifest.xml:72:13-58
89            android:windowSoftInputMode="adjustResize" />
89-->[com.firebaseui:firebase-ui-auth:6.4.0] AndroidManifest.xml:73:13-55
90        <activity
90-->[com.firebaseui:firebase-ui-auth:6.4.0] AndroidManifest.xml:74:9-78:58
91            android:name="com.firebase.ui.auth.ui.email.EmailLinkErrorRecoveryActivity"
91-->[com.firebaseui:firebase-ui-auth:6.4.0] AndroidManifest.xml:75:13-88
92            android:exported="false"
92-->[com.firebaseui:firebase-ui-auth:6.4.0] AndroidManifest.xml:76:13-37
93            android:label="@string/fui_sign_in_default"
93-->[com.firebaseui:firebase-ui-auth:6.4.0] AndroidManifest.xml:77:13-56
94            android:windowSoftInputMode="adjustResize" />
94-->[com.firebaseui:firebase-ui-auth:6.4.0] AndroidManifest.xml:78:13-55
95        <activity
95-->[com.firebaseui:firebase-ui-auth:6.4.0] AndroidManifest.xml:79:9-82:65
96            android:name="com.firebase.ui.auth.ui.idp.AuthMethodPickerActivity"
96-->[com.firebaseui:firebase-ui-auth:6.4.0] AndroidManifest.xml:80:13-80
97            android:exported="false"
97-->[com.firebaseui:firebase-ui-auth:6.4.0] AndroidManifest.xml:81:13-37
98            android:label="@string/fui_default_toolbar_title" />
98-->[com.firebaseui:firebase-ui-auth:6.4.0] AndroidManifest.xml:82:13-62
99        <activity
99-->[com.firebaseui:firebase-ui-auth:6.4.0] AndroidManifest.xml:83:9-87:48
100            android:name="com.facebook.FacebookActivity"
100-->[com.firebaseui:firebase-ui-auth:6.4.0] AndroidManifest.xml:84:13-57
101            android:configChanges="keyboard|keyboardHidden|screenLayout|screenSize|orientation"
101-->[com.firebaseui:firebase-ui-auth:6.4.0] AndroidManifest.xml:85:13-96
102            android:label="@string/app_name" />
102-->[com.firebaseui:firebase-ui-auth:6.4.0] AndroidManifest.xml:86:13-45
103        <activity
103-->[com.firebaseui:firebase-ui-auth:6.4.0] AndroidManifest.xml:88:9-100:20
104            android:name="com.facebook.CustomTabActivity"
104-->[com.firebaseui:firebase-ui-auth:6.4.0] AndroidManifest.xml:89:13-58
105            android:exported="true" >
105-->[com.firebaseui:firebase-ui-auth:6.4.0] AndroidManifest.xml:90:13-36
106            <intent-filter>
106-->[com.firebaseui:firebase-ui-auth:6.4.0] AndroidManifest.xml:92:13-99:29
107                <action android:name="android.intent.action.VIEW" />
107-->[com.firebaseui:firebase-ui-auth:6.4.0] AndroidManifest.xml:93:17-69
107-->[com.firebaseui:firebase-ui-auth:6.4.0] AndroidManifest.xml:93:25-66
108
109                <category android:name="android.intent.category.DEFAULT" />
109-->[com.firebaseui:firebase-ui-auth:6.4.0] AndroidManifest.xml:95:17-76
109-->[com.firebaseui:firebase-ui-auth:6.4.0] AndroidManifest.xml:95:27-73
110                <category android:name="android.intent.category.BROWSABLE" />
110-->[com.firebaseui:firebase-ui-auth:6.4.0] AndroidManifest.xml:96:17-78
110-->[com.firebaseui:firebase-ui-auth:6.4.0] AndroidManifest.xml:96:27-75
111
112                <data android:scheme="@string/facebook_login_protocol_scheme" />
112-->[com.firebaseui:firebase-ui-auth:6.4.0] AndroidManifest.xml:98:17-81
112-->[com.firebaseui:firebase-ui-auth:6.4.0] AndroidManifest.xml:98:23-78
113            </intent-filter>
114        </activity>
115
116        <provider
116-->[com.firebaseui:firebase-ui-auth:6.4.0] AndroidManifest.xml:102:9-106:38
117            android:name="com.firebase.ui.auth.data.client.AuthUiInitProvider"
117-->[com.firebaseui:firebase-ui-auth:6.4.0] AndroidManifest.xml:103:13-79
118            android:authorities="com.example.chat.authuiinitprovider"
118-->[com.firebaseui:firebase-ui-auth:6.4.0] AndroidManifest.xml:104:13-70
119            android:exported="false"
119-->[com.firebaseui:firebase-ui-auth:6.4.0] AndroidManifest.xml:105:13-37
120            android:initOrder="90" />
120-->[com.firebaseui:firebase-ui-auth:6.4.0] AndroidManifest.xml:106:13-35
121
122        <activity
122-->[com.google.firebase:firebase-auth:20.0.4] AndroidManifest.xml:27:9-44:20
123            android:name="com.google.firebase.auth.internal.GenericIdpActivity"
123-->[com.google.firebase:firebase-auth:20.0.4] AndroidManifest.xml:28:13-80
124            android:excludeFromRecents="true"
124-->[com.google.firebase:firebase-auth:20.0.4] AndroidManifest.xml:29:13-46
125            android:exported="true"
125-->[com.google.firebase:firebase-auth:20.0.4] AndroidManifest.xml:30:13-36
126            android:launchMode="singleTask"
126-->[com.google.firebase:firebase-auth:20.0.4] AndroidManifest.xml:31:13-44
127            android:theme="@android:style/Theme.Translucent.NoTitleBar" >
127-->[com.google.firebase:firebase-auth:20.0.4] AndroidManifest.xml:32:13-72
128            <intent-filter>
128-->[com.google.firebase:firebase-auth:20.0.4] AndroidManifest.xml:33:13-43:29
129                <action android:name="android.intent.action.VIEW" />
129-->[com.firebaseui:firebase-ui-auth:6.4.0] AndroidManifest.xml:93:17-69
129-->[com.firebaseui:firebase-ui-auth:6.4.0] AndroidManifest.xml:93:25-66
130
131                <category android:name="android.intent.category.DEFAULT" />
131-->[com.firebaseui:firebase-ui-auth:6.4.0] AndroidManifest.xml:95:17-76
131-->[com.firebaseui:firebase-ui-auth:6.4.0] AndroidManifest.xml:95:27-73
132                <category android:name="android.intent.category.BROWSABLE" />
132-->[com.firebaseui:firebase-ui-auth:6.4.0] AndroidManifest.xml:96:17-78
132-->[com.firebaseui:firebase-ui-auth:6.4.0] AndroidManifest.xml:96:27-75
133
134                <data
134-->[com.firebaseui:firebase-ui-auth:6.4.0] AndroidManifest.xml:98:17-81
135                    android:host="firebase.auth"
136                    android:path="/"
137                    android:scheme="genericidp" />
137-->[com.firebaseui:firebase-ui-auth:6.4.0] AndroidManifest.xml:98:23-78
138            </intent-filter>
139        </activity>
140        <activity
140-->[com.google.firebase:firebase-auth:20.0.4] AndroidManifest.xml:45:9-62:20
141            android:name="com.google.firebase.auth.internal.RecaptchaActivity"
141-->[com.google.firebase:firebase-auth:20.0.4] AndroidManifest.xml:46:13-79
142            android:excludeFromRecents="true"
142-->[com.google.firebase:firebase-auth:20.0.4] AndroidManifest.xml:47:13-46
143            android:exported="true"
143-->[com.google.firebase:firebase-auth:20.0.4] AndroidManifest.xml:48:13-36
144            android:launchMode="singleTask"
144-->[com.google.firebase:firebase-auth:20.0.4] AndroidManifest.xml:49:13-44
145            android:theme="@android:style/Theme.Translucent.NoTitleBar" >
145-->[com.google.firebase:firebase-auth:20.0.4] AndroidManifest.xml:50:13-72
146            <intent-filter>
146-->[com.google.firebase:firebase-auth:20.0.4] AndroidManifest.xml:51:13-61:29
147                <action android:name="android.intent.action.VIEW" />
147-->[com.firebaseui:firebase-ui-auth:6.4.0] AndroidManifest.xml:93:17-69
147-->[com.firebaseui:firebase-ui-auth:6.4.0] AndroidManifest.xml:93:25-66
148
149                <category android:name="android.intent.category.DEFAULT" />
149-->[com.firebaseui:firebase-ui-auth:6.4.0] AndroidManifest.xml:95:17-76
149-->[com.firebaseui:firebase-ui-auth:6.4.0] AndroidManifest.xml:95:27-73
150                <category android:name="android.intent.category.BROWSABLE" />
150-->[com.firebaseui:firebase-ui-auth:6.4.0] AndroidManifest.xml:96:17-78
150-->[com.firebaseui:firebase-ui-auth:6.4.0] AndroidManifest.xml:96:27-75
151
152                <data
152-->[com.firebaseui:firebase-ui-auth:6.4.0] AndroidManifest.xml:98:17-81
153                    android:host="firebase.auth"
154                    android:path="/"
155                    android:scheme="recaptcha" />
155-->[com.firebaseui:firebase-ui-auth:6.4.0] AndroidManifest.xml:98:23-78
156            </intent-filter>
157        </activity>
158
159        <service
159-->[com.google.firebase:firebase-auth:20.0.4] AndroidManifest.xml:64:9-73:19
160            android:name="com.google.firebase.auth.api.fallback.service.FirebaseAuthFallbackService"
160-->[com.google.firebase:firebase-auth:20.0.4] AndroidManifest.xml:65:13-101
161            android:enabled="true"
161-->[com.google.firebase:firebase-auth:20.0.4] AndroidManifest.xml:66:13-35
162            android:exported="false" >
162-->[com.google.firebase:firebase-auth:20.0.4] AndroidManifest.xml:67:13-37
163            <intent-filter>
163-->[com.google.firebase:firebase-auth:20.0.4] AndroidManifest.xml:68:13-72:29
164                <action android:name="com.google.firebase.auth.api.gms.service.START" />
164-->[com.google.firebase:firebase-auth:20.0.4] AndroidManifest.xml:69:17-89
164-->[com.google.firebase:firebase-auth:20.0.4] AndroidManifest.xml:69:25-86
165
166                <category android:name="android.intent.category.DEFAULT" />
166-->[com.firebaseui:firebase-ui-auth:6.4.0] AndroidManifest.xml:95:17-76
166-->[com.firebaseui:firebase-ui-auth:6.4.0] AndroidManifest.xml:95:27-73
167            </intent-filter>
168        </service>
169        <service
169-->[com.google.firebase:firebase-auth:20.0.4] AndroidManifest.xml:74:9-80:19
170            android:name="com.google.firebase.components.ComponentDiscoveryService"
170-->[com.google.firebase:firebase-auth:20.0.4] AndroidManifest.xml:75:13-84
171            android:directBootAware="true"
171-->[com.google.firebase:firebase-common:19.5.0] AndroidManifest.xml:35:13-43
172            android:exported="false" >
172-->[com.google.firebase:firebase-auth:20.0.4] AndroidManifest.xml:76:13-37
173            <meta-data
173-->[com.google.firebase:firebase-auth:20.0.4] AndroidManifest.xml:77:13-79:85
174                android:name="com.google.firebase.components:com.google.firebase.auth.FirebaseAuthRegistrar"
174-->[com.google.firebase:firebase-auth:20.0.4] AndroidManifest.xml:78:17-109
175                android:value="com.google.firebase.components.ComponentRegistrar" />
175-->[com.google.firebase:firebase-auth:20.0.4] AndroidManifest.xml:79:17-82
176            <meta-data
176-->[com.google.firebase:firebase-database:19.7.0] AndroidManifest.xml:32:13-34:85
177                android:name="com.google.firebase.components:com.google.firebase.database.DatabaseRegistrar"
177-->[com.google.firebase:firebase-database:19.7.0] AndroidManifest.xml:33:17-109
178                android:value="com.google.firebase.components.ComponentRegistrar" />
178-->[com.google.firebase:firebase-database:19.7.0] AndroidManifest.xml:34:17-82
179            <meta-data
179-->[com.google.firebase:firebase-storage:19.2.2] AndroidManifest.xml:33:13-35:85
180                android:name="com.google.firebase.components:com.google.firebase.storage.StorageRegistrar"
180-->[com.google.firebase:firebase-storage:19.2.2] AndroidManifest.xml:34:17-107
181                android:value="com.google.firebase.components.ComponentRegistrar" />
181-->[com.google.firebase:firebase-storage:19.2.2] AndroidManifest.xml:35:17-82
182            <!--
183                This registrar is not defined in the dynamic-module-support sdk itself to allow non-firebase
184                clients to use it as well, by defining this registrar in their own core/common library.
185            -->
186            <meta-data
186-->[com.google.firebase:firebase-common:19.5.0] AndroidManifest.xml:43:13-45:85
187                android:name="com.google.firebase.components:com.google.firebase.dynamicloading.DynamicLoadingRegistrar"
187-->[com.google.firebase:firebase-common:19.5.0] AndroidManifest.xml:44:17-121
188                android:value="com.google.firebase.components.ComponentRegistrar" />
188-->[com.google.firebase:firebase-common:19.5.0] AndroidManifest.xml:45:17-82
189        </service>
190
191        <activity
191-->[com.google.android.gms:play-services-auth:19.0.0] AndroidManifest.xml:23:9-27:75
192            android:name="com.google.android.gms.auth.api.signin.internal.SignInHubActivity"
192-->[com.google.android.gms:play-services-auth:19.0.0] AndroidManifest.xml:24:13-93
193            android:excludeFromRecents="true"
193-->[com.google.android.gms:play-services-auth:19.0.0] AndroidManifest.xml:25:13-46
194            android:exported="false"
194-->[com.google.android.gms:play-services-auth:19.0.0] AndroidManifest.xml:26:13-37
195            android:theme="@android:style/Theme.Translucent.NoTitleBar" />
195-->[com.google.android.gms:play-services-auth:19.0.0] AndroidManifest.xml:27:13-72
196        <!--
197            Service handling Google Sign-In user revocation. For apps that do not integrate with
198            Google Sign-In, this service will never be started.
199        -->
200        <service
200-->[com.google.android.gms:play-services-auth:19.0.0] AndroidManifest.xml:33:9-37:51
201            android:name="com.google.android.gms.auth.api.signin.RevocationBoundService"
201-->[com.google.android.gms:play-services-auth:19.0.0] AndroidManifest.xml:34:13-89
202            android:exported="true"
202-->[com.google.android.gms:play-services-auth:19.0.0] AndroidManifest.xml:35:13-36
203            android:permission="com.google.android.gms.auth.api.signin.permission.REVOCATION_NOTIFICATION"
203-->[com.google.android.gms:play-services-auth:19.0.0] AndroidManifest.xml:36:13-107
204            android:visibleToInstantApps="true" />
204-->[com.google.android.gms:play-services-auth:19.0.0] AndroidManifest.xml:37:13-48
205
206        <provider
206-->[com.google.firebase:firebase-common:19.5.0] AndroidManifest.xml:26:9-31:39
207            android:name="com.google.firebase.provider.FirebaseInitProvider"
207-->[com.google.firebase:firebase-common:19.5.0] AndroidManifest.xml:27:13-77
208            android:authorities="com.example.chat.firebaseinitprovider"
208-->[com.google.firebase:firebase-common:19.5.0] AndroidManifest.xml:28:13-72
209            android:directBootAware="true"
209-->[com.google.firebase:firebase-common:19.5.0] AndroidManifest.xml:29:13-43
210            android:exported="false"
210-->[com.google.firebase:firebase-common:19.5.0] AndroidManifest.xml:30:13-37
211            android:initOrder="100" />
211-->[com.google.firebase:firebase-common:19.5.0] AndroidManifest.xml:31:13-36
212
213        <activity
213-->[com.google.android.gms:play-services-base:17.1.0] AndroidManifest.xml:23:9-26:75
214            android:name="com.google.android.gms.common.api.GoogleApiActivity"
214-->[com.google.android.gms:play-services-base:17.1.0] AndroidManifest.xml:24:13-79
215            android:exported="false"
215-->[com.google.android.gms:play-services-base:17.1.0] AndroidManifest.xml:25:13-37
216            android:theme="@android:style/Theme.Translucent.NoTitleBar" />
216-->[com.google.android.gms:play-services-base:17.1.0] AndroidManifest.xml:26:13-72
217
218        <provider
218-->[androidx.lifecycle:lifecycle-process:2.1.0] AndroidManifest.xml:23:9-27:43
219            android:name="androidx.lifecycle.ProcessLifecycleOwnerInitializer"
219-->[androidx.lifecycle:lifecycle-process:2.1.0] AndroidManifest.xml:24:13-79
220            android:authorities="com.example.chat.lifecycle-process"
220-->[androidx.lifecycle:lifecycle-process:2.1.0] AndroidManifest.xml:25:13-69
221            android:exported="false"
221-->[androidx.lifecycle:lifecycle-process:2.1.0] AndroidManifest.xml:26:13-37
222            android:multiprocess="true" />
222-->[androidx.lifecycle:lifecycle-process:2.1.0] AndroidManifest.xml:27:13-40
223    </application>
224
225</manifest>